#
# There is insufficient memory for the Java Runtime Environment to continue.
# Native memory allocation (malloc) failed to allocate 154576 bytes for Chunk::new
# Possible reasons:
#   The system is out of physical RAM or swap space
#   In 32 bit mode, the process size limit was hit
# Possible solutions:
#   Reduce memory load on the system
#   Increase physical memory or swap space
#   Check if swap backing store is full
#   Use 64 bit Java on a 64 bit OS
#   Decrease Java heap size (-Xmx/-Xms)
#   Decrease number of Java threads
#   Decrease Java thread stack sizes (-Xss)
#   Set larger code cache with -XX:ReservedCodeCacheSize=
# This output file may be truncated or incomplete.
#
#  Out of Memory Error (allocation.cpp:323), pid=6784, tid=2196
#
# JRE version: Java(TM) SE Runtime Environment (7.0_40-b43) (build 1.7.0_40-b43)
# Java VM: Java HotSpot(TM) 64-Bit Server VM (24.0-b56 mixed mode windows-amd64 compressed oops)
# Failed to write core dump. Minidumps are not enabled by default on client versions of Windows
#

---------------  T H R E A D  ---------------

Current thread (0x000000000b3ca800):  JavaThread "C2 CompilerThread1" daemon [_thread_in_native, id=2196, stack(0x000000000ca50000,0x000000000cb50000)]

Stack: [0x000000000ca50000,0x000000000cb50000]

Current CompileTask:
C2:  11886  261             org.codehaus.plexus.util.xml.Xpp3Dom::<init> (123 bytes)


---------------  P R O C E S S  ---------------

Java Threads: ( => current thread )
  0x000000000b3d9800 JavaThread "Service Thread" daemon [_thread_blocked, id=8628, stack(0x000000000cb50000,0x000000000cc50000)]
=>0x000000000b3ca800 JavaThread "C2 CompilerThread1" daemon [_thread_in_native, id=2196, stack(0x000000000ca50000,0x000000000cb50000)]
  0x000000000b3c3000 JavaThread "C2 CompilerThread0" daemon [_thread_blocked, id=6996, stack(0x000000000c950000,0x000000000ca50000)]
  0x000000000b3c2000 JavaThread "Attach Listener" daemon [_thread_blocked, id=7176, stack(0x000000000c850000,0x000000000c950000)]
  0x000000000b3bf000 JavaThread "Signal Dispatcher" daemon [_thread_blocked, id=6040, stack(0x000000000c750000,0x000000000c850000)]
  0x000000000b38e000 JavaThread "Finalizer" daemon [_thread_blocked, id=5964, stack(0x000000000c650000,0x000000000c750000)]
  0x000000000b383000 JavaThread "Reference Handler" daemon [_thread_blocked, id=968, stack(0x000000000c550000,0x000000000c650000)]
  0x0000000002f1d800 JavaThread "main" [_thread_in_native, id=6532, stack(0x0000000002f20000,0x0000000003020000)]

Other Threads:
  0x000000000b381000 VMThread [stack: 0x000000000c450000,0x000000000c550000] [id=6136]
  0x000000000b3e3800 WatcherThread [stack: 0x000000000cc50000,0x000000000cd50000] [id=976]

VM state:not at safepoint (normal execution)

VM Mutex/Monitor currently owned by a thread: None

Heap
 PSYoungGen      total 37888K, used 37092K [0x00000007d6080000, 0x00000007d8a80000, 0x0000000800000000)
  eden space 32768K, 97% used [0x00000007d6080000,0x00000007d7fbdfb8,0x00000007d8080000)
  from space 5120K, 99% used [0x00000007d8580000,0x00000007d8a7b288,0x00000007d8a80000)
  to   space 5120K, 0% used [0x00000007d8080000,0x00000007d8080000,0x00000007d8580000)
 ParOldGen       total 85504K, used 1599K [0x0000000782200000, 0x0000000787580000, 0x00000007d6080000)
  object space 85504K, 1% used [0x0000000782200000,0x000000078238fd70,0x0000000787580000)
 PSPermGen       total 21504K, used 12527K [0x000000077d000000, 0x000000077e500000, 0x0000000782200000)
  object space 21504K, 58% used [0x000000077d000000,0x000000077dc3bc88,0x000000077e500000)

Card table byte_map: [0x00000000061e0000,0x0000000006600000] byte_map_base: 0x00000000025f8000

Polling page: 0x0000000002de0000

Code Cache  [0x0000000003120000, 0x0000000003390000, 0x0000000006120000)
 total_blobs=528 nmethods=254 adapters=226 free_code_cache=48026Kb largest_free_block=49145088

Compilation events (10 events):
Event: 11.391 Thread 0x000000000b3c3000 nmethod 256 0x000000000323e5d0 code [0x000000000323e700, 0x000000000323e798]
Event: 11.392 Thread 0x000000000b3ca800  257             java.util.regex.Pattern::next (33 bytes)
Event: 11.393 Thread 0x000000000b3ca800 nmethod 257 0x000000000323e2d0 code [0x000000000323e420, 0x000000000323e508]
Event: 11.645 Thread 0x000000000b3c3000  258             org.codehaus.plexus.interpolation.util.ValueSourceUtils::trimPrefix (90 bytes)
Event: 11.645 Thread 0x000000000b3ca800  259             sun.reflect.UnsafeQualifiedObjectFieldAccessorImpl::get (18 bytes)
Event: 11.647 Thread 0x000000000b3ca800 nmethod 259 0x000000000323de90 code [0x000000000323dfe0, 0x000000000323e128]
Event: 11.647 Thread 0x000000000b3ca800  260             java.util.regex.Pattern$Curly::match0 (174 bytes)
Event: 11.651 Thread 0x000000000b3ca800 nmethod 260 0x0000000003237950 code [0x0000000003237ac0, 0x0000000003237dc8]
Event: 11.661 Thread 0x000000000b3c3000 nmethod 258 0x0000000003236950 code [0x0000000003236b00, 0x00000000032371f8]
Event: 11.845 Thread 0x000000000b3ca800  261             org.codehaus.plexus.util.xml.Xpp3Dom::<init> (123 bytes)

GC Heap History (4 events):
Event: 3.357 GC heap before
{Heap before GC invocations=1 (full 0):
 PSYoungGen      total 37888K, used 32768K [0x00000007d6080000, 0x00000007d8a80000, 0x0000000800000000)
  eden space 32768K, 100% used [0x00000007d6080000,0x00000007d8080000,0x00000007d8080000)
  from space 5120K, 0% used [0x00000007d8580000,0x00000007d8580000,0x00000007d8a80000)
  to   space 5120K, 0% used [0x00000007d8080000,0x00000007d8080000,0x00000007d8580000)
 ParOldGen       total 85504K, used 0K [0x0000000782200000, 0x0000000787580000, 0x00000007d6080000)
  object space 85504K, 0% used [0x0000000782200000,0x0000000782200000,0x0000000787580000)
 PSPermGen       total 21504K, used 7414K [0x000000077d000000, 0x000000077e500000, 0x0000000782200000)
  object space 21504K, 34% used [0x000000077d000000,0x000000077d73daa0,0x000000077e500000)
Event: 3.364 GC heap after
Heap after GC invocations=1 (full 0):
 PSYoungGen      total 37888K, used 4716K [0x00000007d6080000, 0x00000007d8a80000, 0x0000000800000000)
  eden space 32768K, 0% used [0x00000007d6080000,0x00000007d6080000,0x00000007d8080000)
  from space 5120K, 92% used [0x00000007d8080000,0x00000007d851b298,0x00000007d8580000)
  to   space 5120K, 0% used [0x00000007d8580000,0x00000007d8580000,0x00000007d8a80000)
 ParOldGen       total 85504K, used 8K [0x0000000782200000, 0x0000000787580000, 0x00000007d6080000)
  object space 85504K, 0% used [0x0000000782200000,0x0000000782202000,0x0000000787580000)
 PSPermGen       total 21504K, used 7414K [0x000000077d000000, 0x000000077e500000, 0x0000000782200000)
  object space 21504K, 34% used [0x000000077d000000,0x000000077d73daa0,0x000000077e500000)
}
Event: 6.761 GC heap before
{Heap before GC invocations=2 (full 0):
 PSYoungGen      total 37888K, used 37484K [0x00000007d6080000, 0x00000007d8a80000, 0x0000000800000000)
  eden space 32768K, 100% used [0x00000007d6080000,0x00000007d8080000,0x00000007d8080000)
  from space 5120K, 92% used [0x00000007d8080000,0x00000007d851b298,0x00000007d8580000)
  to   space 5120K, 0% used [0x00000007d8580000,0x00000007d8580000,0x00000007d8a80000)
 ParOldGen       total 85504K, used 8K [0x0000000782200000, 0x0000000787580000, 0x00000007d6080000)
  object space 85504K, 0% used [0x0000000782200000,0x0000000782202000,0x0000000787580000)
 PSPermGen       total 21504K, used 11935K [0x000000077d000000, 0x000000077e500000, 0x0000000782200000)
  object space 21504K, 55% used [0x000000077d000000,0x000000077dba7d78,0x000000077e500000)
Event: 6.769 GC heap after
Heap after GC invocations=2 (full 0):
 PSYoungGen      total 37888K, used 5100K [0x00000007d6080000, 0x00000007d8a80000, 0x0000000800000000)
  eden space 32768K, 0% used [0x00000007d6080000,0x00000007d6080000,0x00000007d8080000)
  from space 5120K, 99% used [0x00000007d8580000,0x00000007d8a7b288,0x00000007d8a80000)
  to   space 5120K, 0% used [0x00000007d8080000,0x00000007d8080000,0x00000007d8580000)
 ParOldGen       total 85504K, used 1599K [0x0000000782200000, 0x0000000787580000, 0x00000007d6080000)
  object space 85504K, 1% used [0x0000000782200000,0x000000078238fd70,0x0000000787580000)
 PSPermGen       total 21504K, used 11935K [0x000000077d000000, 0x000000077e500000, 0x0000000782200000)
  object space 21504K, 55% used [0x000000077d000000,0x000000077dba7d78,0x000000077e500000)
}

Deoptimization events (10 events):
Event: 10.579 Thread 0x0000000002f1d800 Uncommon trap: reason=predicate action=maybe_recompile pc=0x00000000031bf2fc method=java.util.Arrays.fill([Ljava/lang/Object;Ljava/lang/Object;)V @ 10
Event: 10.649 Thread 0x0000000002f1d800 Uncommon trap: reason=array_check action=maybe_recompile pc=0x00000000032350a8 method=java.util.Arrays.fill([Ljava/lang/Object;Ljava/lang/Object;)V @ 13
Event: 10.651 Thread 0x0000000002f1d800 Uncommon trap: reason=array_check action=maybe_recompile pc=0x00000000032350a8 method=java.util.Arrays.fill([Ljava/lang/Object;Ljava/lang/Object;)V @ 13
Event: 10.653 Thread 0x0000000002f1d800 Uncommon trap: reason=array_check action=maybe_recompile pc=0x00000000032365e4 method=java.util.Arrays.fill([Ljava/lang/Object;Ljava/lang/Object;)V @ 13
Event: 10.653 Thread 0x0000000002f1d800 Uncommon trap: reason=array_check action=maybe_recompile pc=0x00000000032365e4 method=java.util.Arrays.fill([Ljava/lang/Object;Ljava/lang/Object;)V @ 13
Event: 10.654 Thread 0x0000000002f1d800 Uncommon trap: reason=array_check action=maybe_recompile pc=0x00000000032350a8 method=java.util.Arrays.fill([Ljava/lang/Object;Ljava/lang/Object;)V @ 13
Event: 11.209 Thread 0x0000000002f1d800 Uncommon trap: reason=bimorphic action=maybe_recompile pc=0x0000000003191d10 method=java.util.regex.Pattern$Curly.match0(Ljava/util/regex/Matcher;IILjava/lang/CharSequence;)Z @ 170
Event: 11.209 Thread 0x0000000002f1d800 Uncommon trap: reason=bimorphic action=maybe_recompile pc=0x0000000003191d10 method=java.util.regex.Pattern$Curly.match0(Ljava/util/regex/Matcher;IILjava/lang/CharSequence;)Z @ 170
Event: 11.211 Thread 0x0000000002f1d800 Uncommon trap: reason=bimorphic action=maybe_recompile pc=0x0000000003191d10 method=java.util.regex.Pattern$Curly.match0(Ljava/util/regex/Matcher;IILjava/lang/CharSequence;)Z @ 170
Event: 11.211 Thread 0x0000000002f1d800 Uncommon trap: reason=bimorphic action=maybe_recompile pc=0x0000000003191d10 method=java.util.regex.Pattern$Curly.match0(Ljava/util/regex/Matcher;IILjava/lang/CharSequence;)Z @ 170

Internal exceptions (10 events):
Event: 10.493 Thread 0x0000000002f1d800 Threw 0x00000007d79dbf08 at C:\jdk7u2_64p\jdk7u40\hotspot\src\share\vm\prims\jvm.cpp:1244
Event: 10.495 Thread 0x0000000002f1d800 Threw 0x00000007d79dfab8 at C:\jdk7u2_64p\jdk7u40\hotspot\src\share\vm\prims\jvm.cpp:1244
Event: 10.495 Thread 0x0000000002f1d800 Threw 0x00000007d79e0210 at C:\jdk7u2_64p\jdk7u40\hotspot\src\share\vm\prims\jvm.cpp:1244
Event: 10.495 Thread 0x0000000002f1d800 Threw 0x00000007d79e08f0 at C:\jdk7u2_64p\jdk7u40\hotspot\src\share\vm\prims\jvm.cpp:1244
Event: 10.495 Thread 0x0000000002f1d800 Threw 0x00000007d79e3b60 at C:\jdk7u2_64p\jdk7u40\hotspot\src\share\vm\prims\jvm.cpp:1244
Event: 10.495 Thread 0x0000000002f1d800 Threw 0x00000007d79e45a8 at C:\jdk7u2_64p\jdk7u40\hotspot\src\share\vm\prims\jvm.cpp:1244
Event: 10.797 Thread 0x0000000002f1d800 Threw 0x00000007d7a182d8 at C:\jdk7u2_64p\jdk7u40\hotspot\src\share\vm\prims\jvm.cpp:1244
Event: 10.798 Thread 0x0000000002f1d800 Threw 0x00000007d7a18c80 at C:\jdk7u2_64p\jdk7u40\hotspot\src\share\vm\prims\jvm.cpp:1244
Event: 11.802 Thread 0x0000000002f1d800 Threw 0x00000007d7f35280 at C:\jdk7u2_64p\jdk7u40\hotspot\src\share\vm\prims\jvm.cpp:1244
Event: 11.802 Thread 0x0000000002f1d800 Threw 0x00000007d7f35990 at C:\jdk7u2_64p\jdk7u40\hotspot\src\share\vm\prims\jvm.cpp:1244

Events (10 events):
Event: 11.209 Thread 0x0000000002f1d800 DEOPT PACKING pc=0x0000000003191d10 sp=0x000000000301ce50
Event: 11.209 Thread 0x0000000002f1d800 DEOPT UNPACKING pc=0x00000000031575a4 sp=0x000000000301cdf0 mode 2
Event: 11.211 Thread 0x0000000002f1d800 Uncommon trap: trap_request=0xffffffc6 fr.pc=0x0000000003191d10
Event: 11.211 Thread 0x0000000002f1d800 DEOPT PACKING pc=0x0000000003191d10 sp=0x000000000301d1f0
Event: 11.211 Thread 0x0000000002f1d800 DEOPT UNPACKING pc=0x00000000031575a4 sp=0x000000000301d190 mode 2
Event: 11.211 Thread 0x0000000002f1d800 Uncommon trap: trap_request=0xffffffc6 fr.pc=0x0000000003191d10
Event: 11.211 Thread 0x0000000002f1d800 DEOPT PACKING pc=0x0000000003191d10 sp=0x000000000301d200
Event: 11.211 Thread 0x0000000002f1d800 DEOPT UNPACKING pc=0x00000000031575a4 sp=0x000000000301d1a0 mode 2
Event: 11.802 loading class 0x000000000d722990
Event: 11.802 loading class 0x000000000d722990 done


Dynamic libraries:
0x00007ff724580000 - 0x00007ff7245b3000 	C:\Program Files\Java\jdk1.7.0_40\bin\java.exe
0x00007ffe83e70000 - 0x00007ffe84032000 	C:\WINDOWS\SYSTEM32\ntdll.dll
0x00007ffe83d40000 - 0x00007ffe83ded000 	C:\WINDOWS\system32\KERNEL32.DLL
0x00007ffe80b00000 - 0x00007ffe80cdd000 	C:\WINDOWS\system32\KERNELBASE.dll
0x00007ffe83670000 - 0x00007ffe83716000 	C:\WINDOWS\system32\ADVAPI32.dll
0x00007ffe81eb0000 - 0x00007ffe81f4d000 	C:\WINDOWS\system32\msvcrt.dll
0x00007ffe83ce0000 - 0x00007ffe83d3b000 	C:\WINDOWS\system32\sechost.dll
0x00007ffe83910000 - 0x00007ffe83a36000 	C:\WINDOWS\system32\RPCRT4.dll
0x00007ffe83a40000 - 0x00007ffe83b8e000 	C:\WINDOWS\system32\USER32.dll
0x00007ffe817c0000 - 0x00007ffe81946000 	C:\WINDOWS\system32\GDI32.dll
0x00007ffe76150000 - 0x00007ffe763c4000 	C:\WINDOWS\WinSxS\amd64_microsoft.windows.common-controls_6595b64144ccf1df_6.0.10240.16384_none_f41f7b285750ef43\COMCTL32.dll
0x00007ffe81cc0000 - 0x00007ffe81cf6000 	C:\WINDOWS\system32\IMM32.DLL
0x00007ffe83510000 - 0x00007ffe8366c000 	C:\WINDOWS\system32\MSCTF.dll
0x00000000583b0000 - 0x0000000058481000 	C:\Program Files\Java\jdk1.7.0_40\jre\bin\msvcr100.dll
0x0000000058490000 - 0x0000000058c59000 	C:\Program Files\Java\jdk1.7.0_40\jre\bin\server\jvm.dll
0x00007ffe834f0000 - 0x00007ffe834f8000 	C:\WINDOWS\system32\PSAPI.DLL
0x00007ffe7e9f0000 - 0x00007ffe7ea13000 	C:\WINDOWS\SYSTEM32\WINMM.dll
0x00007ffe79f60000 - 0x00007ffe79f69000 	C:\WINDOWS\SYSTEM32\WSOCK32.dll
0x00007ffe83790000 - 0x00007ffe837f9000 	C:\WINDOWS\system32\WS2_32.dll
0x00007ffe834e0000 - 0x00007ffe834e8000 	C:\WINDOWS\system32\NSI.dll
0x0000000002e10000 - 0x0000000002e3c000 	C:\WINDOWS\SYSTEM32\WINMMBASE.dll
0x00007ffe80940000 - 0x00007ffe80984000 	C:\WINDOWS\system32\cfgmgr32.dll
0x00007ffe7f210000 - 0x00007ffe7f237000 	C:\WINDOWS\SYSTEM32\DEVOBJ.dll
0x0000000058360000 - 0x000000005836f000 	C:\Program Files\Java\jdk1.7.0_40\jre\bin\verify.dll
0x0000000058330000 - 0x0000000058358000 	C:\Program Files\Java\jdk1.7.0_40\jre\bin\java.dll
0x0000000058310000 - 0x0000000058325000 	C:\Program Files\Java\jdk1.7.0_40\jre\bin\zip.dll
0x00000000582f0000 - 0x0000000058309000 	C:\Program Files\Java\jdk1.7.0_40\jre\bin\net.dll
0x00007ffe800b0000 - 0x00007ffe8010d000 	C:\WINDOWS\system32\mswsock.dll
0x00000000582d0000 - 0x00000000582e1000 	C:\Program Files\Java\jdk1.7.0_40\jre\bin\nio.dll

VM Arguments:
jvm_args: -Dclassworlds.conf=C:\Program Files\NetBeans 8.1\java\maven\bin\m2.conf -Dmaven.home=C:\Program Files\NetBeans 8.1\java\maven 
java_command: org.codehaus.plexus.classworlds.launcher.Launcher -Dmaven.ext.class.path=C:\Program Files\NetBeans 8.1\java\maven-nblib\netbeans-eventspy.jar -Dfile.encoding=UTF-8 clean install
Launcher Type: SUN_STANDARD

Environment Variables:
JAVA_HOME=C:\Program Files\Java\jdk1.7.0_40
PATH=C:\Program Files\Haskell\bin;C:\Program Files\Haskell Platform\2014.2.0.0\lib\extralibs\bin;C:\Program Files\Haskell Platform\2014.2.0.0\bin;C:\ProgramData\Oracle\Java\javapath;C:\WINDOWS\system32;C:\WINDOWS;C:\WINDOWS\System32\Wbem;C:\WINDOWS\System32\WindowsPowerShell\v1.0\;C:\Program Files (x86)\Windows Kits\8.1\Windows Performance Toolkit\;C:\Program Files\Microsoft SQL Server\110\Tools\Binn\;C:\Program Files\Haskell Platform\2014.2.0.0\mingw\bin;C:\Users\Rhys\AppData\Roaming\cabal\bin
USERNAME=Rhys
OS=Windows_NT
PROCESSOR_IDENTIFIER=Intel64 Family 6 Model 58 Stepping 9, GenuineIntel



---------------  S Y S T E M  ---------------

OS: Windows 8 , 64 bit Build 9200 

CPU:total 4 (2 cores per cpu, 2 threads per core) family 6 model 58 stepping 9, cmov, cx8, fxsr, mmx, sse, sse2, sse3, ssse3, sse4.1, sse4.2, popcnt, avx, erms, ht, tsc, tscinvbit, tscinv

Memory: 4k page, physical 8246180k(2633640k free), swap 8246180k(5388k free)

vm_info: Java HotSpot(TM) 64-Bit Server VM (24.0-b56) for windows-amd64 JRE (1.7.0_40-b43), built on Aug 26 2013 22:38:32 by "java_re" with unknown MS VC++:1600

time: Tue Oct 04 18:05:58 2016
elapsed time: 11 seconds

